-------------------------------------------------------------------------------
Test set: com.microservices.Account.AccountRepoTest
-------------------------------------------------------------------------------
Tests run: 1, Failures: 0, Errors: 1, Skipped: 0, Time elapsed: 0.53 s <<< FAILURE! - in com.microservices.Account.AccountRepoTest
initializationError(com.microservices.Account.AccountRepoTest)  Time elapsed: 0.011 s  <<< ERROR!
java.lang.IllegalStateException: Unable to find a @SpringBootConfiguration, you need to use @ContextConfiguration or @SpringBootTest(classes=...) with your test

